<?xml version="1.0" encoding="UTF-8"?>
<testng-results skipped="0" failed="0" total="0" passed="0">
  <reporter-output>
  </reporter-output>
  <suite name="dajohnson89.AntennaeTest" duration-ms="4" started-at="2013-11-17T21:33:12Z" finished-at="2013-11-17T21:33:12Z">
    <groups>
    </groups>
    <test name="Command line test" duration-ms="4" started-at="2013-11-17T21:33:12Z" finished-at="2013-11-17T21:33:12Z">
    </test> <!-- Command line test -->
  </suite> <!-- dajohnson89.AntennaeTest -->
</testng-results>
